<?xml version="1.0" encoding="UTF-8"?>
<testng-results ignored="0" total="1" passed="1" failed="0" skipped="0">
  <reporter-output>
  </reporter-output>
  <suite started-at="2024-09-29T15:39:52 IST" name="Default suite" finished-at="2024-09-29T15:39:57 IST" duration-ms="5443">
    <groups>
    </groups>
    <test started-at="2024-09-29T15:39:52 IST" name="Default test" finished-at="2024-09-29T15:39:57 IST" duration-ms="5443">
      <class name="swaglabs.swaglabs.SwagLabsTest">
        <test-method is-config="true" signature="iLaunchBrowser()[pri:0, instance:swaglabs.swaglabs.SwagLabsTest@2b40ff9c]" started-at="2024-09-29T15:39:52 IST" name="iLaunchBrowser" finished-at="2024-09-29T15:39:57 IST" duration-ms="5030" status="PASS">
          <reporter-output>
          </reporter-output>
        </test-method> <!-- iLaunchBrowser -->
        <test-method signature="purchaseAProduct()[pri:0, instance:swaglabs.swaglabs.SwagLabsTest@2b40ff9c]" started-at="2024-09-29T15:39:57 IST" name="purchaseAProduct" finished-at="2024-09-29T15:39:57 IST" duration-ms="23" status="PASS">
          <reporter-output>
          </reporter-output>
        </test-method> <!-- purchaseAProduct -->
        <test-method is-config="true" signature="tearDown()[pri:0, instance:swaglabs.swaglabs.SwagLabsTest@2b40ff9c]" started-at="2024-09-29T15:39:57 IST" name="tearDown" finished-at="2024-09-29T15:39:57 IST" duration-ms="306" status="PASS">
          <reporter-output>
          </reporter-output>
        </test-method> <!-- tearDown -->
      </class> <!-- swaglabs.swaglabs.SwagLabsTest -->
    </test> <!-- Default test -->
  </suite> <!-- Default suite -->
</testng-results>
